[debug] [2024-05-31T08:55:59.338Z] ----------------------------------------------------------------------
[debug] [2024-05-31T08:55:59.341Z] Command:       /usr/local/bin/node /opt/homebrew/bin/firebase deploy
[debug] [2024-05-31T08:55:59.341Z] CLI Version:   13.9.0
[debug] [2024-05-31T08:55:59.341Z] Platform:      darwin
[debug] [2024-05-31T08:55:59.341Z] Node Version:  v20.13.1
[debug] [2024-05-31T08:55:59.341Z] Time:          Fri May 31 2024 01:55:59 GMT-0700 (Pacific Daylight Time)
[debug] [2024-05-31T08:55:59.342Z] ----------------------------------------------------------------------
[debug] 
[debug] [2024-05-31T08:55:59.408Z] > command requires scopes: ["email","openid","https://www.googleapis.com/auth/cloudplatformprojects.readonly","https://www.googleapis.com/auth/firebase","https://www.googleapis.com/auth/cloud-platform"]
[debug] [2024-05-31T08:55:59.408Z] > authorizing via signed-in user (bhavyasgada@gmail.com)
[debug] [2024-05-31T08:55:59.409Z] [iam] checking project xcelerate-fb463 for permissions ["firebase.projects.get","firebasehosting.sites.update"]
[debug] [2024-05-31T08:55:59.410Z] >>> [apiv2][query] POST https://cloudresourcemanager.googleapis.com/v1/projects/xcelerate-fb463:testIamPermissions [none]
[debug] [2024-05-31T08:55:59.410Z] >>> [apiv2][(partial)header] POST https://cloudresourcemanager.googleapis.com/v1/projects/xcelerate-fb463:testIamPermissions x-goog-quota-user=projects/xcelerate-fb463
[debug] [2024-05-31T08:55:59.410Z] >>> [apiv2][body] POST https://cloudresourcemanager.googleapis.com/v1/projects/xcelerate-fb463:testIamPermissions {"permissions":["firebase.projects.get","firebasehosting.sites.update"]}
[debug] [2024-05-31T08:55:59.642Z] <<< [apiv2][status] POST https://cloudresourcemanager.googleapis.com/v1/projects/xcelerate-fb463:testIamPermissions 200
[debug] [2024-05-31T08:55:59.642Z] <<< [apiv2][body] POST https://cloudresourcemanager.googleapis.com/v1/projects/xcelerate-fb463:testIamPermissions {"permissions":["firebase.projects.get","firebasehosting.sites.update"]}
[debug] [2024-05-31T08:55:59.643Z] >>> [apiv2][query] GET https://firebase.googleapis.com/v1beta1/projects/xcelerate-fb463 [none]
[debug] [2024-05-31T08:55:59.849Z] <<< [apiv2][status] GET https://firebase.googleapis.com/v1beta1/projects/xcelerate-fb463 200
[debug] [2024-05-31T08:55:59.849Z] <<< [apiv2][body] GET https://firebase.googleapis.com/v1beta1/projects/xcelerate-fb463 {"projectId":"xcelerate-fb463","projectNumber":"920616959067","displayName":"xcelerate","name":"projects/xcelerate-fb463","resources":{"hostingSite":"xcelerate-fb463","storageBucket":"xcelerate-fb463.appspot.com","locationId":"us-central"},"state":"ACTIVE","etag":"1_ba9763cb-8c88-4a81-94b8-0eb2ef17a3e9"}
[debug] [2024-05-31T08:56:01.116Z] defaultcredentials: writing to file /Users/bhavya/.config/firebase/bhavyasgada_gmail_com_application_default_credentials.json
[debug] [2024-05-31T08:56:01.119Z] >>> [apiv2][query] GET https://firebasehosting.googleapis.com/v1beta1/projects/xcelerate-fb463/sites pageToken=&pageSize=10
[debug] [2024-05-31T08:56:01.807Z] <<< [apiv2][status] GET https://firebasehosting.googleapis.com/v1beta1/projects/xcelerate-fb463/sites 200
[debug] [2024-05-31T08:56:01.807Z] <<< [apiv2][body] GET https://firebasehosting.googleapis.com/v1beta1/projects/xcelerate-fb463/sites {"sites":[{"name":"projects/xcelerate-fb463/sites/xcelerate-fb463","defaultUrl":"https://xcelerate-fb463.web.app","type":"DEFAULT_SITE"}]}
[debug] [2024-05-31T08:56:01.808Z] >>> [apiv2][query] GET https://firebasehosting.googleapis.com/v1beta1/projects/xcelerate-fb463/sites 
[debug] [2024-05-31T08:56:02.033Z] <<< [apiv2][status] GET https://firebasehosting.googleapis.com/v1beta1/projects/xcelerate-fb463/sites 200
[debug] [2024-05-31T08:56:02.033Z] <<< [apiv2][body] GET https://firebasehosting.googleapis.com/v1beta1/projects/xcelerate-fb463/sites {"sites":[{"name":"projects/xcelerate-fb463/sites/xcelerate-fb463","defaultUrl":"https://xcelerate-fb463.web.app","type":"DEFAULT_SITE"}]}
[debug] [2024-05-31T08:56:02.034Z] >>> [apiv2][query] GET https://firebase.googleapis.com/v1beta1/projects/xcelerate-fb463/webApps/-/config [none]
[debug] [2024-05-31T08:56:02.647Z] <<< [apiv2][status] GET https://firebase.googleapis.com/v1beta1/projects/xcelerate-fb463/webApps/-/config 200
[debug] [2024-05-31T08:56:02.648Z] <<< [apiv2][body] GET https://firebase.googleapis.com/v1beta1/projects/xcelerate-fb463/webApps/-/config {"projectId":"xcelerate-fb463","appId":"1:920616959067:web:d3658b57fc9c8a5f3a537e","storageBucket":"xcelerate-fb463.appspot.com","locationId":"us-central","apiKey":"AIzaSyAYaxXZH_fHzWIT5TQGd1bGvObYAE6nV2A","authDomain":"xcelerate-fb463.firebaseapp.com","messagingSenderId":"920616959067","measurementId":"G-PTJL1F5GLF"}
[info] 
   Thank you for trying our experimental support for SvelteKit on Firebase Hosting.
   While this integration is maintained by Googlers it is not a supported Firebase product.
   Issues filed on GitHub will be addressed on a best-effort basis by maintainers and other community members.

   Documentation: https://firebase.google.com/docs/hosting/frameworks/frameworks-overview
   File a bug: https://github.com/firebase/firebase-tools/issues/new?template=bug_report.md
   Submit a feature request: https://github.com/firebase/firebase-tools/issues/new?template=feature_request.md

   We'd love to learn from you. Express your interest in helping us shape the future of Firebase Hosting: https://goo.gle/41enW5X

[debug] [2024-05-31T08:56:28.991Z] [web frameworks] effective firebase.json:  {
  "hosting": [
    {
      "source": ".",
      "ignore": [
        "firebase.json",
        "**/.*",
        "**/node_modules/**"
      ],
      "frameworksBackend": {
        "region": "us-west1"
      },
      "site": "xcelerate-fb463",
      "rewrites": [
        {
          "source": "**",
          "function": {
            "functionId": "ssrxceleratefb463",
            "region": "us-west1",
            "pinTag": true
          }
        }
      ],
      "redirects": [],
      "headers": [
        {
          "source": "**/*.[jt]s",
          "headers": [
            {
              "key": "Set-Cookie",
              "value": "__FIREBASE_DEFAULTS__=eyJjb25maWciOnsicHJvamVjdElkIjoieGNlbGVyYXRlLWZiNDYzIiwiYXBwSWQiOiIxOjkyMDYxNjk1OTA2Nzp3ZWI6ZDM2NThiNTdmYzljOGE1ZjNhNTM3ZSIsInN0b3JhZ2VCdWNrZXQiOiJ4Y2VsZXJhdGUtZmI0NjMuYXBwc3BvdC5jb20iLCJsb2NhdGlvbklkIjoidXMtY2VudHJhbCIsImFwaUtleSI6IkFJemFTeUFZYXhYWkhfZkh6V0lUNVRRR2QxYkd2T2JZQUU2blYyQSIsImF1dGhEb21haW4iOiJ4Y2VsZXJhdGUtZmI0NjMuZmlyZWJhc2VhcHAuY29tIiwibWVzc2FnaW5nU2VuZGVySWQiOiI5MjA2MTY5NTkwNjciLCJtZWFzdXJlbWVudElkIjoiRy1QVEpMMUY1R0xGIn0sIl9hdXRoVG9rZW5TeW5jVVJMIjoiL19fc2Vzc2lvbiJ9; SameSite=Strict; Expires=2026-04-25T19:36:28.991Z; Path=/;"
            }
          ]
        }
      ],
      "cleanUrls": true,
      "public": ".firebase/xcelerate-fb463/hosting",
      "webFramework": "svelekit_ssr"
    }
  ],
  "functions": [
    {
      "source": ".firebase/xcelerate-fb463/functions",
      "codebase": "firebase-frameworks-xcelerate-fb463"
    }
  ]
}
[debug] [2024-05-31T08:56:28.993Z] > command requires scopes: ["email","openid","https://www.googleapis.com/auth/cloudplatformprojects.readonly","https://www.googleapis.com/auth/firebase","https://www.googleapis.com/auth/cloud-platform"]
[debug] [2024-05-31T08:56:28.993Z] > authorizing via signed-in user (bhavyasgada@gmail.com)
[debug] [2024-05-31T08:56:28.994Z] [iam] checking project xcelerate-fb463 for permissions ["cloudfunctions.functions.create","cloudfunctions.functions.delete","cloudfunctions.functions.get","cloudfunctions.functions.list","cloudfunctions.functions.update","cloudfunctions.operations.get","firebase.projects.get"]
[debug] [2024-05-31T08:56:28.995Z] >>> [apiv2][query] POST https://cloudresourcemanager.googleapis.com/v1/projects/xcelerate-fb463:testIamPermissions [none]
[debug] [2024-05-31T08:56:28.996Z] >>> [apiv2][(partial)header] POST https://cloudresourcemanager.googleapis.com/v1/projects/xcelerate-fb463:testIamPermissions x-goog-quota-user=projects/xcelerate-fb463
[debug] [2024-05-31T08:56:28.996Z] >>> [apiv2][body] POST https://cloudresourcemanager.googleapis.com/v1/projects/xcelerate-fb463:testIamPermissions {"permissions":["cloudfunctions.functions.create","cloudfunctions.functions.delete","cloudfunctions.functions.get","cloudfunctions.functions.list","cloudfunctions.functions.update","cloudfunctions.operations.get","firebase.projects.get"]}
[debug] [2024-05-31T08:56:29.196Z] <<< [apiv2][status] POST https://cloudresourcemanager.googleapis.com/v1/projects/xcelerate-fb463:testIamPermissions 200
[debug] [2024-05-31T08:56:29.196Z] <<< [apiv2][body] POST https://cloudresourcemanager.googleapis.com/v1/projects/xcelerate-fb463:testIamPermissions {"permissions":["cloudfunctions.functions.create","cloudfunctions.functions.delete","cloudfunctions.functions.get","cloudfunctions.functions.list","cloudfunctions.functions.update","cloudfunctions.operations.get","firebase.projects.get"]}
[info] 
[info] === Deploying to 'xcelerate-fb463'...
[info] 
[info] i  deploying functions, hosting 
[debug] [2024-05-31T08:56:29.197Z] >>> [apiv2][query] GET https://firebase.googleapis.com/v1beta1/projects/xcelerate-fb463 [none]
[debug] [2024-05-31T08:56:29.417Z] <<< [apiv2][status] GET https://firebase.googleapis.com/v1beta1/projects/xcelerate-fb463 200
[debug] [2024-05-31T08:56:29.417Z] <<< [apiv2][body] GET https://firebase.googleapis.com/v1beta1/projects/xcelerate-fb463 {"projectId":"xcelerate-fb463","projectNumber":"920616959067","displayName":"xcelerate","name":"projects/xcelerate-fb463","resources":{"hostingSite":"xcelerate-fb463","storageBucket":"xcelerate-fb463.appspot.com","locationId":"us-central"},"state":"ACTIVE","etag":"1_ba9763cb-8c88-4a81-94b8-0eb2ef17a3e9"}
[info] i  functions: preparing codebase firebase-frameworks-xcelerate-fb463 for deployment 
[info] i  functions: ensuring required API cloudfunctions.googleapis.com is enabled... 
[info] i  functions: ensuring required API cloudbuild.googleapis.com is enabled... 
[info] i  artifactregistry: ensuring required API artifactregistry.googleapis.com is enabled... 
[debug] [2024-05-31T08:56:29.418Z] >>> [apiv2][query] GET https://serviceusage.googleapis.com/v1/projects/xcelerate-fb463/services/cloudfunctions.googleapis.com [none]
[debug] [2024-05-31T08:56:29.418Z] >>> [apiv2][(partial)header] GET https://serviceusage.googleapis.com/v1/projects/xcelerate-fb463/services/cloudfunctions.googleapis.com x-goog-quota-user=projects/xcelerate-fb463
[debug] [2024-05-31T08:56:29.419Z] >>> [apiv2][query] GET https://serviceusage.googleapis.com/v1/projects/xcelerate-fb463/services/runtimeconfig.googleapis.com [none]
[debug] [2024-05-31T08:56:29.419Z] >>> [apiv2][(partial)header] GET https://serviceusage.googleapis.com/v1/projects/xcelerate-fb463/services/runtimeconfig.googleapis.com x-goog-quota-user=projects/xcelerate-fb463
[debug] [2024-05-31T08:56:29.419Z] >>> [apiv2][query] GET https://serviceusage.googleapis.com/v1/projects/xcelerate-fb463/services/cloudbuild.googleapis.com [none]
[debug] [2024-05-31T08:56:29.420Z] >>> [apiv2][(partial)header] GET https://serviceusage.googleapis.com/v1/projects/xcelerate-fb463/services/cloudbuild.googleapis.com x-goog-quota-user=projects/xcelerate-fb463
[debug] [2024-05-31T08:56:29.420Z] >>> [apiv2][query] GET https://serviceusage.googleapis.com/v1/projects/xcelerate-fb463/services/artifactregistry.googleapis.com [none]
[debug] [2024-05-31T08:56:29.421Z] >>> [apiv2][(partial)header] GET https://serviceusage.googleapis.com/v1/projects/xcelerate-fb463/services/artifactregistry.googleapis.com x-goog-quota-user=projects/xcelerate-fb463
[debug] [2024-05-31T08:56:29.913Z] <<< [apiv2][status] GET https://serviceusage.googleapis.com/v1/projects/xcelerate-fb463/services/runtimeconfig.googleapis.com 200
[debug] [2024-05-31T08:56:29.913Z] <<< [apiv2][body] GET https://serviceusage.googleapis.com/v1/projects/xcelerate-fb463/services/runtimeconfig.googleapis.com [omitted]
[debug] [2024-05-31T08:56:29.949Z] <<< [apiv2][status] GET https://serviceusage.googleapis.com/v1/projects/xcelerate-fb463/services/cloudbuild.googleapis.com 200
[debug] [2024-05-31T08:56:29.949Z] <<< [apiv2][body] GET https://serviceusage.googleapis.com/v1/projects/xcelerate-fb463/services/cloudbuild.googleapis.com [omitted]
[info] ✔  functions: required API cloudbuild.googleapis.com is enabled 
[debug] [2024-05-31T08:56:29.952Z] <<< [apiv2][status] GET https://serviceusage.googleapis.com/v1/projects/xcelerate-fb463/services/artifactregistry.googleapis.com 200
[debug] [2024-05-31T08:56:29.952Z] <<< [apiv2][body] GET https://serviceusage.googleapis.com/v1/projects/xcelerate-fb463/services/artifactregistry.googleapis.com [omitted]
[info] ✔  artifactregistry: required API artifactregistry.googleapis.com is enabled 
[debug] [2024-05-31T08:56:29.964Z] <<< [apiv2][status] GET https://serviceusage.googleapis.com/v1/projects/xcelerate-fb463/services/cloudfunctions.googleapis.com 200
[debug] [2024-05-31T08:56:29.964Z] <<< [apiv2][body] GET https://serviceusage.googleapis.com/v1/projects/xcelerate-fb463/services/cloudfunctions.googleapis.com [omitted]
[info] ✔  functions: required API cloudfunctions.googleapis.com is enabled 
[debug] [2024-05-31T08:56:29.965Z] >>> [apiv2][query] GET https://firebase.googleapis.com/v1beta1/projects/xcelerate-fb463/adminSdkConfig [none]
[debug] [2024-05-31T08:56:30.422Z] <<< [apiv2][status] GET https://firebase.googleapis.com/v1beta1/projects/xcelerate-fb463/adminSdkConfig 200
[debug] [2024-05-31T08:56:30.422Z] <<< [apiv2][body] GET https://firebase.googleapis.com/v1beta1/projects/xcelerate-fb463/adminSdkConfig {"projectId":"xcelerate-fb463","storageBucket":"xcelerate-fb463.appspot.com","locationId":"us-central"}
[debug] [2024-05-31T08:56:30.422Z] >>> [apiv2][query] GET https://runtimeconfig.googleapis.com/v1beta1/projects/xcelerate-fb463/configs [none]
